
Showing logs for build [32mcb-kubecd-bdd-spring-1581933497-sgr4n-1[0m stage [32mfrom-build-pack[0m and container [32mstep-credential-initializer-5ndtr[0m
{"level":"warn","ts":1581934243.0975742,"logger":"fallback-logger","caller":"logging/config.go:69","msg":"Fetch GitHub commit ID from kodata failed: \"ref: refs/heads/0.8.0-**-support-backwards-incompats\" is not a valid GitHub commit ID"}
{"level":"info","ts":1581934243.0983,"logger":"fallback-logger","caller":"creds-init/main.go:40","msg":"Credentials initialized."}

Showing logs for build [32mcb-kubecd-bdd-spring-1581933497-sgr4n-1[0m stage [32mfrom-build-pack[0m and container [32mstep-working-dir-initializer-5gw54[0m
{"level":"warn","ts":1581934244.163588,"logger":"fallback-logger","caller":"logging/config.go:69","msg":"Fetch GitHub commit ID from kodata failed: open /var/run/ko/HEAD: no such file or directory"}
{"level":"info","ts":1581934244.1660612,"logger":"fallback-logger","caller":"bash/main.go:64","msg":"Successfully executed command \"sh -c mkdir -p /workspace/source\"; output "}

Showing logs for build [32mcb-kubecd-bdd-spring-1581933497-sgr4n-1[0m stage [32mfrom-build-pack[0m and container [32mstep-place-tools[0m

Showing logs for build [32mcb-kubecd-bdd-spring-1581933497-sgr4n-1[0m stage [32mfrom-build-pack[0m and container [32mstep-git-source-cb-kubecd-bdd-spring-1581933497-sgr4n-8ng8m[0m
{"level":"warn","ts":1581934251.481482,"logger":"fallback-logger","caller":"logging/config.go:69","msg":"Fetch GitHub commit ID from kodata failed: \"ref: refs/heads/0.8.0-**-support-backwards-incompats\" is not a valid GitHub commit ID"}
{"level":"info","ts":1581934252.698145,"logger":"fallback-logger","caller":"git/git.go:103","msg":"Successfully cloned https://github.com/cb-kubecd/bdd-spring-1581933497.git @ master in path /workspace/source"}

Showing logs for build [32mcb-kubecd-bdd-spring-1581933497-sgr4n-1[0m stage [32mfrom-build-pack[0m and container [32mstep-git-merge[0m
Using SHAs from PULL_REFS=master:10e224d88f5287f8f43ff80f90ddc3bdb7b80753,1:4b542d8b80b228243ceac1d6dab672c2c93ef76c
DEBUG: LC_ALL=C JX_LOG_LEVEL=error git fetch origin --unshallow 4b542d8b80b228243ceac1d6dab672c2c93ef76c: 10e224d88f5287f8f43ff80f90ddc3bdb7b80753:
DEBUG: ran git fetch --unshallow origin 4b542d8b80b228243ceac1d6dab672c2c93ef76c: 10e224d88f5287f8f43ff80f90ddc3bdb7b80753: in 
DEBUG: LC_ALL=C JX_LOG_LEVEL=error git branch
DEBUG: LC_ALL=C JX_LOG_LEVEL=error git checkout master
DEBUG: ran git checkout master in 
DEBUG: LC_ALL=C JX_LOG_LEVEL=error git reset --hard 10e224d88f5287f8f43ff80f90ddc3bdb7b80753
DEBUG: ran git reset --hard 10e224d88f5287f8f43ff80f90ddc3bdb7b80753 in 
DEBUG: LC_ALL=C JX_LOG_LEVEL=error git clean -fd .
DEBUG: ran clean --force -d . in 
DEBUG: LC_ALL=C JX_LOG_LEVEL=error git merge 4b542d8b80b228243ceac1d6dab672c2c93ef76c
DEBUG: ran git merge 4b542d8b80b228243ceac1d6dab672c2c93ef76c in 
DEBUG: LC_ALL=C JX_LOG_LEVEL=error git log --format=%H%x1f%an%x1f%ae%x1f%cn%x1f%ce%x1f%s%n%b%x1e 10e224d88f5287f8f43ff80f90ddc3bdb7b80753..HEAD
Merged SHA 4b542d8b80b228243ceac1d6dab672c2c93ef76c with commit message 'My first PR commit' into base branch master

Showing logs for build [32mcb-kubecd-bdd-spring-1581933497-sgr4n-1[0m stage [32mfrom-build-pack[0m and container [32mstep-build-set-version[0m
Picked up _JAVA_OPTIONS: -XX:+UnlockExperimentalVMOptions -XX:+UseCGroupMemoryLimitForHeap -Dsun.zip.disableMemoryMapping=true -XX:+UseParallelGC -XX:MinHeapFreeRatio=5 -XX:MaxHeapFreeRatio=10 -XX:GCTimeRatio=4 -XX:AdaptiveSizePolicyWeight=90 -Xms10m -Xmx192m
OpenJDK 64-Bit Server VM warning: If the number of processors is expected to increase from one, then you should configure the number of parallel GC threads appropriately using -XX:ParallelGCThreads=N
[INFO] Scanning for projects...
[INFO] 
[INFO] -----------------< com.example:bdd-spring-1581933497 >------------------
[INFO] Building demo 0.0.1-SNAPSHOT
[INFO] --------------------------------[ jar ]---------------------------------
[INFO] 
[INFO] --- versions-maven-plugin:2.7:set (default-cli) @ bdd-spring-1581933497 ---
[INFO] Searching for local aggregator root...
[INFO] Local aggregation root: /workspace/source
[INFO] Processing change of com.example:bdd-spring-1581933497:0.0.1-SNAPSHOT -> 0.0.0-SNAPSHOT-PR-1-1
[INFO] Processing com.example:bdd-spring-1581933497
[INFO]     Updating project com.example:bdd-spring-1581933497
[INFO]         from version 0.0.1-SNAPSHOT to 0.0.0-SNAPSHOT-PR-1-1
[INFO] 
[INFO] ------------------------------------------------------------------------
[INFO] BUILD SUCCESS
[INFO] ------------------------------------------------------------------------
[INFO] Total time:  14.520 s
[INFO] Finished at: 2020-02-17T10:11:13Z
[INFO] ------------------------------------------------------------------------

Showing logs for build [32mcb-kubecd-bdd-spring-1581933497-sgr4n-1[0m stage [32mfrom-build-pack[0m and container [32mstep-build-mvn-install[0m
Picked up _JAVA_OPTIONS: -XX:+UnlockExperimentalVMOptions -XX:+UseCGroupMemoryLimitForHeap -Dsun.zip.disableMemoryMapping=true -XX:+UseParallelGC -XX:MinHeapFreeRatio=5 -XX:MaxHeapFreeRatio=10 -XX:GCTimeRatio=4 -XX:AdaptiveSizePolicyWeight=90 -Xms10m -Xmx192m
OpenJDK 64-Bit Server VM warning: If the number of processors is expected to increase from one, then you should configure the number of parallel GC threads appropriately using -XX:ParallelGCThreads=N
[INFO] Scanning for projects...
[INFO] 
[INFO] -----------------< com.example:bdd-spring-1581933497 >------------------
[INFO] Building demo 0.0.0-SNAPSHOT-PR-1-1
[INFO] --------------------------------[ jar ]---------------------------------
[INFO] 
[INFO] --- maven-resources-plugin:3.1.0:resources (default-resources) @ bdd-spring-1581933497 ---
[INFO] Using 'UTF-8' encoding to copy filtered resources.
[INFO] Copying 1 resource
[INFO] Copying 0 resource
[INFO] 
[INFO] --- maven-compiler-plugin:3.8.1:compile (default-compile) @ bdd-spring-1581933497 ---
[INFO] Changes detected - recompiling the module!
[INFO] Compiling 1 source file to /workspace/source/target/classes
[INFO] 
[INFO] --- maven-resources-plugin:3.1.0:testResources (default-testResources) @ bdd-spring-1581933497 ---
[INFO] Using 'UTF-8' encoding to copy filtered resources.
[INFO] skip non existing resourceDirectory /workspace/source/src/test/resources
[INFO] 
[INFO] --- maven-compiler-plugin:3.8.1:testCompile (default-testCompile) @ bdd-spring-1581933497 ---
[INFO] Changes detected - recompiling the module!
[INFO] Compiling 1 source file to /workspace/source/target/test-classes
[INFO] 
[INFO] --- maven-surefire-plugin:3.0.0-M1:test (default-test) @ bdd-spring-1581933497 ---
[INFO] 
[INFO] -------------------------------------------------------
[INFO]  T E S T S
[INFO] -------------------------------------------------------
[INFO] Running com.example.bddspring1581933497.DemoApplicationTests
10:11:36.456 [main] DEBUG org.springframework.test.context.BootstrapUtils - Instantiating CacheAwareContextLoaderDelegate from class [org.springframework.test.context.cache.DefaultCacheAwareContextLoaderDelegate]
10:11:36.500 [main] DEBUG org.springframework.test.context.BootstrapUtils - Instantiating BootstrapContext using constructor [public org.springframework.test.context.support.DefaultBootstrapContext(java.lang.Class,org.springframework.test.context.CacheAwareContextLoaderDelegate)]
10:11:36.665 [main] DEBUG org.springframework.test.context.BootstrapUtils - Instantiating TestContextBootstrapper for test class [com.example.bddspring1581933497.DemoApplicationTests] from class [org.springframework.boot.test.context.SpringBootTestContextBootstrapper]
10:11:36.754 [main] INFO org.springframework.boot.test.context.SpringBootTestContextBootstrapper - Neither @ContextConfiguration nor @ContextHierarchy found for test class [com.example.bddspring1581933497.DemoApplicationTests], using SpringBootContextLoader
10:11:36.769 [main] DEBUG org.springframework.test.context.support.AbstractContextLoader - Did not detect default resource location for test class [com.example.bddspring1581933497.DemoApplicationTests]: class path resource [com/example/bddspring1581933497/DemoApplicationTests-context.xml] does not exist
10:11:36.770 [main] DEBUG org.springframework.test.context.support.AbstractContextLoader - Did not detect default resource location for test class [com.example.bddspring1581933497.DemoApplicationTests]: class path resource [com/example/bddspring1581933497/DemoApplicationTestsContext.groovy] does not exist
10:11:36.770 [main] INFO org.springframework.test.context.support.AbstractContextLoader - Could not detect default resource locations for test class [com.example.bddspring1581933497.DemoApplicationTests]: no resource found for suffixes {-context.xml, Context.groovy}.
10:11:36.772 [main] INFO org.springframework.test.context.support.AnnotationConfigContextLoaderUtils - Could not detect default configuration classes for test class [com.example.bddspring1581933497.DemoApplicationTests]: DemoApplicationTests does not declare any static, non-private, non-final, nested classes annotated with @Configuration.
10:11:36.896 [main] DEBUG org.springframework.test.context.support.ActiveProfilesUtils - Could not find an 'annotation declaring class' for annotation type [org.springframework.test.context.ActiveProfiles] and class [com.example.bddspring1581933497.DemoApplicationTests]
10:11:37.065 [main] DEBUG org.springframework.context.annotation.ClassPathScanningCandidateComponentProvider - Identified candidate component class: file [/workspace/source/target/classes/com/example/bddspring1581933497/DemoApplication.class]
10:11:37.074 [main] INFO org.springframework.boot.test.context.SpringBootTestContextBootstrapper - Found @SpringBootConfiguration com.example.bddspring1581933497.DemoApplication for test class com.example.bddspring1581933497.DemoApplicationTests
10:11:37.361 [main] DEBUG org.springframework.boot.test.context.SpringBootTestContextBootstrapper - @TestExecutionListeners is not present for class [com.example.bddspring1581933497.DemoApplicationTests]: using defaults.
10:11:37.363 [main] INFO org.springframework.boot.test.context.SpringBootTestContextBootstrapper - Loaded default TestExecutionListener class names from location [META-INF/spring.factories]: [org.springframework.boot.test.mock.mockito.MockitoTestExecutionListener, org.springframework.boot.test.mock.mockito.ResetMocksTestExecutionListener, org.springframework.boot.test.autoconfigure.restdocs.RestDocsTestExecutionListener, org.springframework.boot.test.autoconfigure.web.client.MockRestServiceServerResetTestExecutionListener, org.springframework.boot.test.autoconfigure.web.servlet.MockMvcPrintOnlyOnFailureTestExecutionListener, org.springframework.boot.test.autoconfigure.web.servlet.WebDriverTestExecutionListener, org.springframework.test.context.web.ServletTestExecutionListener, org.springframework.test.context.support.DirtiesContextBeforeModesTestExecutionListener, org.springframework.test.context.support.DependencyInjectionTestExecutionListener, org.springframework.test.context.support.DirtiesContextTestExecutionListener, org.springframework.test.context.transaction.TransactionalTestExecutionListener, org.springframework.test.context.jdbc.SqlScriptsTestExecutionListener, org.springframework.test.context.event.EventPublishingTestExecutionListener]
10:11:37.393 [main] DEBUG org.springframework.boot.test.context.SpringBootTestContextBootstrapper - Skipping candidate TestExecutionListener [org.springframework.test.context.transaction.TransactionalTestExecutionListener] due to a missing dependency. Specify custom listener classes or make the default listener classes and their required dependencies available. Offending class: [org/springframework/transaction/TransactionDefinition]
10:11:37.396 [main] DEBUG org.springframework.boot.test.context.SpringBootTestContextBootstrapper - Skipping candidate TestExecutionListener [org.springframework.test.context.jdbc.SqlScriptsTestExecutionListener] due to a missing dependency. Specify custom listener classes or make the default listener classes and their required dependencies available. Offending class: [org/springframework/transaction/interceptor/TransactionAttribute]
10:11:37.397 [main] INFO org.springframework.boot.test.context.SpringBootTestContextBootstrapper - Using TestExecutionListeners: [org.springframework.test.context.web.ServletTestExecutionListener@fba92d3, org.springframework.test.context.support.DirtiesContextBeforeModesTestExecutionListener@662b4c69, org.springframework.boot.test.mock.mockito.MockitoTestExecutionListener@fa49800, org.springframework.boot.test.autoconfigure.SpringBootDependencyInjectionTestExecutionListener@71238fc2, org.springframework.test.context.support.DirtiesContextTestExecutionListener@2a54a73f, org.springframework.test.context.event.EventPublishingTestExecutionListener@16a0ee18, org.springframework.boot.test.mock.mockito.ResetMocksTestExecutionListener@3d6f0054, org.springframework.boot.test.autoconfigure.restdocs.RestDocsTestExecutionListener@505fc5a4, org.springframework.boot.test.autoconfigure.web.client.MockRestServiceServerResetTestExecutionListener@5fbdfdcf, org.springframework.boot.test.autoconfigure.web.servlet.MockMvcPrintOnlyOnFailureTestExecutionListener@4efc180e, org.springframework.boot.test.autoconfigure.web.servlet.WebDriverTestExecutionListener@bd4dc25]
10:11:37.447 [main] DEBUG org.springframework.test.context.support.AbstractDirtiesContextTestExecutionListener - Before test class: context [DefaultTestContext@6da21078 testClass = DemoApplicationTests, testInstance = [null], testMethod = [null], testException = [null], mergedContextConfiguration = [WebMergedContextConfiguration@7fee8714 testClass = DemoApplicationTests, locations = '{}', classes = '{class com.example.bddspring1581933497.DemoApplication}', contextInitializerClasses = '[]', activeProfiles = '{}', propertySourceLocations = '{}', propertySourceProperties = '{org.springframework.boot.test.context.SpringBootTestContextBootstrapper=true}', contextCustomizers = set[org.springframework.boot.test.context.filter.ExcludeFilterContextCustomizer@56de5251, org.springframework.boot.test.json.DuplicateJsonObjectContextCustomizerFactory$DuplicateJsonObjectContextCustomizer@769e7ee8, org.springframework.boot.test.mock.mockito.MockitoContextCustomizer@0, org.springframework.boot.test.web.client.TestRestTemplateContextCustomizer@1ed1993a, org.springframework.boot.test.autoconfigure.properties.PropertyMappingContextCustomizer@0, org.springframework.boot.test.autoconfigure.web.servlet.WebDriverContextCustomizerFactory$Customizer@6af93788], resourceBasePath = 'src/main/webapp', contextLoader = 'org.springframework.boot.test.context.SpringBootContextLoader', parent = [null]], attributes = map['org.springframework.test.context.web.ServletTestExecutionListener.activateListener' -> true]], class annotated with @DirtiesContext [false] with mode [null].
10:11:37.547 [main] DEBUG org.springframework.test.context.support.TestPropertySourceUtils - Adding inlined properties to environment: {spring.jmx.enabled=false, org.springframework.boot.test.context.SpringBootTestContextBootstrapper=true, server.port=-1}

  .   ____          _            __ _ _
 /\\ / ___'_ __ _ _(_)_ __  __ _ \ \ \ \
( ( )\___ | '_ | '_| | '_ \/ _` | \ \ \ \
 \\/  ___)| |_)| | | | | || (_| |  ) ) ) )
  '  |____| .__|_| |_|_| |_\__, | / / / /
 =========|_|==============|___/=/_/_/_/
 :: Spring Boot ::        (v2.2.4.RELEASE)

2020-02-17 10:11:38.270  INFO 64 --- [           main] c.e.b.DemoApplicationTests               : Starting DemoApplicationTests on cb-kubecd-bdd-spring-1581933497-sgr4n-1-from-build-pack-8bjt4-p with PID 64 (started by root in /workspace/source)
2020-02-17 10:11:38.279  INFO 64 --- [           main] c.e.b.DemoApplicationTests               : No active profile set, falling back to default profiles: default
2020-02-17 10:11:45.680  INFO 64 --- [           main] o.s.s.concurrent.ThreadPoolTaskExecutor  : Initializing ExecutorService 'applicationTaskExecutor'
2020-02-17 10:11:47.586  INFO 64 --- [           main] o.s.b.a.e.web.EndpointLinksResolver      : Exposing 2 endpoint(s) beneath base path '/actuator'
2020-02-17 10:11:48.055  INFO 64 --- [           main] c.e.b.DemoApplicationTests               : Started DemoApplicationTests in 10.488 seconds (JVM running for 13.469)
[INFO] Tests run: 1, Failures: 0, Errors: 0, Skipped: 0, Time elapsed: 12.61 s - in com.example.bddspring1581933497.DemoApplicationTests
2020-02-17 10:11:48.999  INFO 64 --- [extShutdownHook] o.s.s.concurrent.ThreadPoolTaskExecutor  : Shutting down ExecutorService 'applicationTaskExecutor'
[INFO] 
[INFO] Results:
[INFO] 
[INFO] Tests run: 1, Failures: 0, Errors: 0, Skipped: 0
[INFO] 
[INFO] 
[INFO] --- maven-jar-plugin:3.1.2:jar (default-jar) @ bdd-spring-1581933497 ---
[INFO] Building jar: /workspace/source/target/bdd-spring-1581933497-0.0.0-SNAPSHOT-PR-1-1.jar
[INFO] 
[INFO] --- spring-boot-maven-plugin:2.2.4.RELEASE:repackage (repackage) @ bdd-spring-1581933497 ---
[INFO] Replacing main artifact with repackaged archive
[INFO] 
[INFO] --- maven-install-plugin:2.5.2:install (default-install) @ bdd-spring-1581933497 ---
[INFO] Installing /workspace/source/target/bdd-spring-1581933497-0.0.0-SNAPSHOT-PR-1-1.jar to /home/jenkins/.mvnrepository/com/example/bdd-spring-1581933497/0.0.0-SNAPSHOT-PR-1-1/bdd-spring-1581933497-0.0.0-SNAPSHOT-PR-1-1.jar
[INFO] Installing /workspace/source/pom.xml to /home/jenkins/.mvnrepository/com/example/bdd-spring-1581933497/0.0.0-SNAPSHOT-PR-1-1/bdd-spring-1581933497-0.0.0-SNAPSHOT-PR-1-1.pom
[INFO] ------------------------------------------------------------------------
[INFO] BUILD SUCCESS
[INFO] ------------------------------------------------------------------------
[INFO] Total time:  36.374 s
[INFO] Finished at: 2020-02-17T10:11:54Z
[INFO] ------------------------------------------------------------------------

Showing logs for build [32mcb-kubecd-bdd-spring-1581933497-sgr4n-1[0m stage [32mfrom-build-pack[0m and container [32mstep-build-skaffold-version[0m
v1.0.1

Showing logs for build [32mcb-kubecd-bdd-spring-1581933497-sgr4n-1[0m stage [32mfrom-build-pack[0m and container [32mstep-build-container-build[0m
[36mINFO[0m[0000] Downloading base image openjdk:8-jdk-slim    
ERROR: logging before flag.Parse: E0217 10:11:56.388368      10 metadata.go:142] while reading 'google-dockercfg' metadata: http status code: 404 while fetching url http://metadata.google.internal./computeMetadata/v1/instance/attributes/google-dockercfg
ERROR: logging before flag.Parse: E0217 10:11:56.392121      10 metadata.go:159] while reading 'google-dockercfg-url' metadata: http status code: 404 while fetching url http://metadata.google.internal./computeMetadata/v1/instance/attributes/google-dockercfg-url
2020/02/17 10:11:56 No matching credentials were found, falling back on anonymous
[36mINFO[0m[0001] Error while retrieving image from cache: getting file info: stat /workspace/sha256:f3866dd8be6d27d0e09ed483cf0ffb3b3c21e76ccd766b3a4b629a43cae9c94c: no such file or directory 
[36mINFO[0m[0001] Downloading base image openjdk:8-jdk-slim    
2020/02/17 10:11:57 No matching credentials were found, falling back on anonymous
[36mINFO[0m[0002] cmd: EXPOSE                                  
[36mINFO[0m[0002] Adding exposed port: 8080/tcp                
[36mINFO[0m[0002] Using files from context: [/workspace/source/pom.xml] 
[36mINFO[0m[0002] Using files from context: [/workspace/source/target/bdd-spring-1581933497-0.0.0-SNAPSHOT-PR-1-1.jar] 
[36mINFO[0m[0002] Skipping unpacking as no commands require it. 
[36mINFO[0m[0002] Taking snapshot of full filesystem...        
[36mINFO[0m[0002] ENV PORT 8080                                
[36mINFO[0m[0002] No files changed in this command, skipping snapshotting. 
[36mINFO[0m[0002] ENV CLASSPATH /opt/lib                       
[36mINFO[0m[0002] No files changed in this command, skipping snapshotting. 
[36mINFO[0m[0002] EXPOSE 8080                                  
[36mINFO[0m[0002] cmd: EXPOSE                                  
[36mINFO[0m[0002] Adding exposed port: 8080/tcp                
[36mINFO[0m[0002] No files changed in this command, skipping snapshotting. 
[36mINFO[0m[0002] Using files from context: [/workspace/source/pom.xml] 
[36mINFO[0m[0002] COPY pom.xml target/lib* /opt/lib/           
[36mINFO[0m[0002] Taking snapshot of files...                  
[36mINFO[0m[0002] Using files from context: [/workspace/source/target/bdd-spring-1581933497-0.0.0-SNAPSHOT-PR-1-1.jar] 
[36mINFO[0m[0002] COPY target/*.jar /opt/app.jar               
[36mINFO[0m[0002] Taking snapshot of files...                  
[36mINFO[0m[0002] WORKDIR /opt                                 
[36mINFO[0m[0002] cmd: workdir                                 
[36mINFO[0m[0002] Changed working directory to /opt            
[36mINFO[0m[0002] No files changed in this command, skipping snapshotting. 
[36mINFO[0m[0002] CMD ["java", "-XX:+UnlockExperimentalVMOptions", "-XX:+UseCGroupMemoryLimitForHeap", "-jar", "app.jar"] 
[36mINFO[0m[0002] No files changed in this command, skipping snapshotting. 
2020/02/17 10:11:59 existing blob: sha256:4836bf357bc05fde276db1412eb17d9c5ae12fc0751947bd3cbef5879f5ee955
2020/02/17 10:11:59 existing blob: sha256:bc51dd8edc1b1132bb97827ed6bd16aac332b03fb03d4c02d2088067a5fbb499
2020/02/17 10:11:59 existing blob: sha256:6dc6df7db36a5a1267aa98ac410ecdbf10e39333a934539ecbc78a1283016206
2020/02/17 10:11:59 existing blob: sha256:d1d06863bb82bdc3f4cd17d49c0dee8720f91c4d9e40cce1b4a691f9459266be
2020/02/17 10:12:02 pushed blob: sha256:b077c5d5922173bc219e15297e21bc8635593812cd45e4cc9c13209a042ce6a4
2020/02/17 10:12:02 pushed blob: sha256:f6a752e2818410caad18962371bebef345e2a9084519bbaa64e05b6da2613adb
2020/02/17 10:12:03 pushed blob: sha256:8501291d19d60fda66cf9b80d19eb314000eb3503bd1f4c7fc9da68690c032f1
2020/02/17 10:12:05 gcr.io/jenkins-x-bdd3/bdd-spring-1581933497:0.0.0-SNAPSHOT-PR-1-1: digest: sha256:d55ca7933e79da02e4f478fa539667f54a9fc61cd9b7bbcaa12bd7eede646c9c size: 1244

Showing logs for build [32mcb-kubecd-bdd-spring-1581933497-sgr4n-1[0m stage [32mfrom-build-pack[0m and container [32mstep-postbuild-post-build[0m
no CVE provider running in the current ** namespace so skip adding image to be analysed

Showing logs for build [32mcb-kubecd-bdd-spring-1581933497-sgr4n-1[0m stage [32mfrom-build-pack[0m and container [32mstep-promote-make-preview[0m
sed -i -e "s/version:.*/version: 0.0.0-SNAPSHOT-PR-1-1/" Chart.yaml
sed -i -e "s/version:.*/version: 0.0.0-SNAPSHOT-PR-1-1/" ../*/Chart.yaml
sed -i -e "s|repository:.*|repository: gcr.io\/jenkins-x-bdd3\/bdd-spring-1581933497|" values.yaml
sed -i -e "s/tag:.*/tag: 0.0.0-SNAPSHOT-PR-1-1/" values.yaml
echo "  version: 0.0.0-SNAPSHOT-PR-1-1" >> requirements.yaml
** step helm build
WARNING: No $CHART_REPOSITORY defined so using the default value of: http://jenkins-x-chartmuseum:8080
Adding missing Helm repo: storage.googleapis.com https://storage.googleapis.com/chartmuseum.jenkins-x.io
WARNING: No secrets found on "helm/repos" due: reading the secret "helm/repos" from vault: no secret "helm/repos" not found in vault
Read credentials for https://storage.googleapis.com/chartmuseum.jenkins-x.io from vault helm/repos
Successfully added Helm repository storage.googleapis.com.
Adding missing Helm repo: jenkins-x-chartmuseum http://jenkins-x-chartmuseum:8080
WARNING: No secrets found on "helm/repos" due: reading the secret "helm/repos" from vault: no secret "helm/repos" not found in vault
Read credentials for http://jenkins-x-chartmuseum:8080 from vault helm/repos
Successfully added Helm repository jenkins-x-chartmuseum.
WARNING: No $CHART_REPOSITORY defined so using the default value of: http://jenkins-x-chartmuseum:8080
Adding missing Helm repo: chartmuseum.jenkins-x.io http://chartmuseum.jenkins-x.io
WARNING: No secrets found on "helm/repos" due: reading the secret "helm/repos" from vault: no secret "helm/repos" not found in vault
Read credentials for http://chartmuseum.jenkins-x.io from vault helm/repos
Successfully added Helm repository chartmuseum.jenkins-x.io.

Showing logs for build [32mcb-kubecd-bdd-spring-1581933497-sgr4n-1[0m stage [32mfrom-build-pack[0m and container [32mstep-promote-jx-preview[0m
Creating a preview
Created environment cb-kubecd-bdd-spring-1581933497-pr-1
Namespace **-cb-kubecd-bdd-spring-1581933497-pr-1 created 
expose:
  Annotations:
    helm.sh/hook: post-install,post-upgrade
    helm.sh/hook-delete-policy: hook-succeeded
  config:
    domain: c**d9.bdd.jenkins-x.rocks
    exposer: Ingress
    http: "true"
preview:
  image:
    repository: gcr.io/jenkins-x-bdd3/bdd-spring-1581933497
    tag: 0.0.0-SNAPSHOT-PR-1-1

Updating PipelineActivities cb-kubecd-bdd-spring-1581933497-pr-1-1 which has status Running
WARNING: preview application http://bdd-spring-1581933497.**-cb-kubecd-bdd-spring-1581933497-pr-1.c**d9.bdd.jenkins-x.rocks not available, error was Get http://bdd-spring-1581933497.**-cb-kubecd-bdd-spring-1581933497-pr-1.c**d9.bdd.jenkins-x.rocks: dial tcp: lookup bdd-spring-1581933497.**-cb-kubecd-bdd-spring-1581933497-pr-1.c**d9.bdd.jenkins-x.rocks on 10.35.240.10:53: no such host, delaying for: 525.193959ms
WARNING: preview application http://bdd-spring-1581933497.**-cb-kubecd-bdd-spring-1581933497-pr-1.c**d9.bdd.jenkins-x.rocks not available, error was Get http://bdd-spring-1581933497.**-cb-kubecd-bdd-spring-1581933497-pr-1.c**d9.bdd.jenkins-x.rocks: dial tcp: lookup bdd-spring-1581933497.**-cb-kubecd-bdd-spring-1581933497-pr-1.c**d9.bdd.jenkins-x.rocks on 10.35.240.10:53: no such host, delaying for: 1.339876499s
WARNING: preview application http://bdd-spring-1581933497.**-cb-kubecd-bdd-spring-1581933497-pr-1.c**d9.bdd.jenkins-x.rocks not available, error was Get http://bdd-spring-1581933497.**-cb-kubecd-bdd-spring-1581933497-pr-1.c**d9.bdd.jenkins-x.rocks: dial tcp: lookup bdd-spring-1581933497.**-cb-kubecd-bdd-spring-1581933497-pr-1.c**d9.bdd.jenkins-x.rocks on 10.35.240.10:53: no such host, delaying for: 1.850874036s
WARNING: preview application http://bdd-spring-1581933497.**-cb-kubecd-bdd-spring-1581933497-pr-1.c**d9.bdd.jenkins-x.rocks not available, error was Get http://bdd-spring-1581933497.**-cb-kubecd-bdd-spring-1581933497-pr-1.c**d9.bdd.jenkins-x.rocks: dial tcp: lookup bdd-spring-1581933497.**-cb-kubecd-bdd-spring-1581933497-pr-1.c**d9.bdd.jenkins-x.rocks on 10.35.240.10:53: no such host, delaying for: 2.933252018s
WARNING: preview application http://bdd-spring-1581933497.**-cb-kubecd-bdd-spring-1581933497-pr-1.c**d9.bdd.jenkins-x.rocks not available, error was Get http://bdd-spring-1581933497.**-cb-kubecd-bdd-spring-1581933497-pr-1.c**d9.bdd.jenkins-x.rocks: dial tcp: lookup bdd-spring-1581933497.**-cb-kubecd-bdd-spring-1581933497-pr-1.c**d9.bdd.jenkins-x.rocks on 10.35.240.10:53: no such host, delaying for: 2.824501689s
WARNING: preview application http://bdd-spring-1581933497.**-cb-kubecd-bdd-spring-1581933497-pr-1.c**d9.bdd.jenkins-x.rocks not available, error was Get http://bdd-spring-1581933497.**-cb-kubecd-bdd-spring-1581933497-pr-1.c**d9.bdd.jenkins-x.rocks: dial tcp: lookup bdd-spring-1581933497.**-cb-kubecd-bdd-spring-1581933497-pr-1.c**d9.bdd.jenkins-x.rocks on 10.35.240.10:53: no such host, delaying for: 10.974447712s
WARNING: preview application http://bdd-spring-1581933497.**-cb-kubecd-bdd-spring-1581933497-pr-1.c**d9.bdd.jenkins-x.rocks not available, error was Get http://bdd-spring-1581933497.**-cb-kubecd-bdd-spring-1581933497-pr-1.c**d9.bdd.jenkins-x.rocks: dial tcp: lookup bdd-spring-1581933497.**-cb-kubecd-bdd-spring-1581933497-pr-1.c**d9.bdd.jenkins-x.rocks on 10.35.240.10:53: no such host, delaying for: 10.256486862s
WARNING: preview application http://bdd-spring-1581933497.**-cb-kubecd-bdd-spring-1581933497-pr-1.c**d9.bdd.jenkins-x.rocks not available, error was Get http://bdd-spring-1581933497.**-cb-kubecd-bdd-spring-1581933497-pr-1.c**d9.bdd.jenkins-x.rocks: dial tcp: lookup bdd-spring-1581933497.**-cb-kubecd-bdd-spring-1581933497-pr-1.c**d9.bdd.jenkins-x.rocks on 10.35.240.10:53: no such host, delaying for: 20.917101179s
WARNING: preview application http://bdd-spring-1581933497.**-cb-kubecd-bdd-spring-1581933497-pr-1.c**d9.bdd.jenkins-x.rocks not available, error was Get http://bdd-spring-1581933497.**-cb-kubecd-bdd-spring-1581933497-pr-1.c**d9.bdd.jenkins-x.rocks: dial tcp: lookup bdd-spring-1581933497.**-cb-kubecd-bdd-spring-1581933497-pr-1.c**d9.bdd.jenkins-x.rocks on 10.35.240.10:53: no such host, delaying for: 13.194462387s
WARNING: preview application http://bdd-spring-1581933497.**-cb-kubecd-bdd-spring-1581933497-pr-1.c**d9.bdd.jenkins-x.rocks not available, error was Get http://bdd-spring-1581933497.**-cb-kubecd-bdd-spring-1581933497-pr-1.c**d9.bdd.jenkins-x.rocks: dial tcp: lookup bdd-spring-1581933497.**-cb-kubecd-bdd-spring-1581933497-pr-1.c**d9.bdd.jenkins-x.rocks on 10.35.240.10:53: no such host, delaying for: 51.254294248s
WARNING: preview application http://bdd-spring-1581933497.**-cb-kubecd-bdd-spring-1581933497-pr-1.c**d9.bdd.jenkins-x.rocks not available, error was Get http://bdd-spring-1581933497.**-cb-kubecd-bdd-spring-1581933497-pr-1.c**d9.bdd.jenkins-x.rocks: dial tcp: lookup bdd-spring-1581933497.**-cb-kubecd-bdd-spring-1581933497-pr-1.c**d9.bdd.jenkins-x.rocks on 10.35.240.10:53: no such host, delaying for: 1m21.006476584s
Preview application is now available at: http://bdd-spring-1581933497.**-cb-kubecd-bdd-spring-1581933497-pr-1.c**d9.bdd.jenkins-x.rocks
